Arguments: 
  C:\Program Files\nodejs\node.exe C:\Program Files\nodejs\node_modules\yarn\bin\yarn.js add react-router-dom

PATH: 
  C:\windows\system32;C:\windows;C:\windows\System32\Wbem;C:\windows\System32\WindowsPowerShell\v1.0\;C:\windows\System32\OpenSSH\;C:\Users\18177\AppData\Roaming\nvm;C:\Program Files\nodejs;C:\Program Files\Git\cmd;C:\Users\18177\AppData\Local\Microsoft\WindowsApps;C:\Users\18177\AppData\Local\atom\bin;C:\Users\18177\AppData\Local\GitHubDesktop\bin;C:\Users\18177\AppData\Roaming\nvm;C:\Program Files\nodejs;C:\Users\18177\AppData\Local\Programs\Microsoft VS Code\bin;C:\Program Files\MongoDB\Server\5.0\bin;C:\Program Files\MongoDB\Tools\100\bin;C:\Program Files\heroku\bin

Yarn version: 
  1.22.18

Node version: 
  17.0.0

Platform: 
  win32 x64

Trace: 
  Error: EPERM: operation not permitted, unlink 'C:\Users\18177\documents\careerfoundry\myFlix-client\node_modules\@parcel\css-win32-x64-msvc\parcel-css.win32-x64-msvc.node'

npm manifest: 
  {
    "name": "myflix-client",
    "version": "1.0.0",
    "description": "",
    "scripts": {
      "test": "echo \"Error: no test specified\" && exit 1"
    },
    "repository": {
      "type": "git",
      "url": "git+https://github.com/Polodolo4/myFlix-client.git"
    },
    "author": "",
    "license": "ISC",
    "bugs": {
      "url": "https://github.com/Polodolo4/myFlix-client/issues"
    },
    "homepage": "https://github.com/Polodolo4/myFlix-client#readme",
    "dependencies": {
      "axios": "^0.27.2",
      "parcel": "^2.6.0",
      "react": "^18.1.0",
      "react-bootstrap": "^2.4.0",
      "react-dom": "^18.1.0",
      "react-router-dom": "^6.3.0"
    },
    "devDependencies": {
      "@parcel/transformer-sass": "^2.6.0",
      "process": "^0.11.10"
    }
  }

yarn manifest: 
  No manifest

Lockfile: 
  No lockfile
